[1496656854 947403794] Gazebo multi-robot simulator, version 2.2.3
Copyright (C) 2012-2014 Open Source Robotics Foundation.
Released under the Apache 2 License.
http://gazebosim.org


[1496656855 448240431] Init world[default]
[1496656855 836065664] applying Gaussian noise model with mean 0 and stddev 0.01
[1496656856 198057727] ODE body for link [mybot::left_wheel] does not exist, unable to SetEnabled
[1496656856 198073560] ODE body for link [mybot::chassis] does not exist, unable to SetEnabled
[1496656856 198244518] ODE body for link [mybot::right_wheel] does not exist, unable to SetEnabled
[1496656856 198253476] ODE body for link [mybot::chassis] does not exist, unable to SetEnabled
[1496656856 198272268] ODE body for link [mybot::chassis] does not exist, GetGravityMode returns default of 0
[1496656856 198281226] ODE body for link [mybot::chassis] does not exist, GetKinematic returns default of 0
[1496656856 198290226] ODE body for link [mybot::chassis] does not exist, GetEnabled returns default of 1
[1496656856 201222759] ODE body for link [mybot::left_wheel] does not exist, GetGravityMode returns default of 0
[1496656856 201236259] ODE body for link [mybot::left_wheel] does not exist, GetKinematic returns default of 0
[1496656856 201245301] ODE body for link [mybot::left_wheel] does not exist, GetEnabled returns default of 1
[1496656856 201263300] ODE body for link [mybot::right_wheel] does not exist, GetGravityMode returns default of 0
[1496656856 201272300] ODE body for link [mybot::right_wheel] does not exist, GetKinematic returns default of 0
[1496656856 201285759] ODE body for link [mybot::right_wheel] does not exist, GetEnabled returns default of 1
[1496656856 201377508] ODE body for link [mybot::chassis] does not exist, unable to respond to OnPoseChange
[1496656856 201407300] ODE body for link [mybot::left_wheel] does not exist, unable to respond to OnPoseChange
[1496656856 201437008] ODE body for link [mybot::right_wheel] does not exist, unable to respond to OnPoseChange
[1496656856 636059268] The link mybot::chassis has unrealistic inertia, unable to visualize box of equivalent inertia.
